#
# There is insufficient memory for the Java Runtime Environment to continue.
# Native memory allocation (mmap) failed to map 266338304 bytes for Failed to commit area from 0x0000000702400000 to 0x0000000712200000 of length 266338304.
# Possible reasons:
#   The system is out of physical RAM or swap space
#   The process is running with CompressedOops enabled, and the Java Heap may be blocking the growth of the native heap
# Possible solutions:
#   Reduce memory load on the system
#   Increase physical memory or swap space
#   Check if swap backing store is full
#   Decrease Java heap size (-Xmx/-Xms)
#   Decrease number of Java threads
#   Decrease Java thread stack sizes (-Xss)
#   Set larger code cache with -XX:ReservedCodeCacheSize=
# This output file may be truncated or incomplete.
#
#  Out of Memory Error (./open/src/hotspot/os/windows/os_windows.cpp:3275), pid=2104, tid=26020
#
# JRE version:  (11.0.9+7) (build )
# Java VM: Java HotSpot(TM) 64-Bit Server VM (11.0.9+7-LTS, mixed mode, sharing, tiered, compressed oops, g1 gc, windows-amd64)
# No core dump will be written. Minidumps are not enabled by default on client versions of Windows
#

---------------  S U M M A R Y ------------

Command Line: -Dmaven.multiModuleProjectDirectory=C:\WorkCode\eureka -Dmaven.home=C:\Program Files\JetBrains\IntelliJ IDEA 2020.2.3\plugins\maven\lib\maven3 -Dclassworlds.conf=C:\Program Files\JetBrains\IntelliJ IDEA 2020.2.3\plugins\maven\lib\maven3\bin\m2.conf -Dmaven.ext.class.path=C:\Program Files\JetBrains\IntelliJ IDEA 2020.2.3\plugins\maven\lib\maven-event-listener.jar -javaagent:C:\Program Files\JetBrains\IntelliJ IDEA 2020.2.3\lib\idea_rt.jar=59269:C:\Program Files\JetBrains\IntelliJ IDEA 2020.2.3\bin -Dfile.encoding=UTF-8 org.codehaus.classworlds.Launcher -Didea.version=2020.2.3 -DskipTests=true dockerfile:build

Host: Intel(R) Core(TM) i7-8750H CPU @ 2.20GHz, 12 cores, 15G,  Windows 10 , 64 bit Build 18362 (10.0.18362.1110)
Time: Sat Nov 21 12:11:06 2020 Romance Standard Time elapsed time: 0.014024 seconds (0d 0h 0m 0s)

---------------  T H R E A D  ---------------

Current thread (0x0000015124910000):  JavaThread "Unknown thread" [_thread_in_vm, id=26020, stack(0x0000000aa6300000,0x0000000aa6400000)]

Stack: [0x0000000aa6300000,0x0000000aa6400000]
Native frames: (J=compiled Java code, j=interpreted, Vv=VM code, C=native code)
V  [jvm.dll+0x611a3a]
V  [jvm.dll+0x748aaf]
V  [jvm.dll+0x74a135]
V  [jvm.dll+0x74a7b3]
V  [jvm.dll+0x2439f8]
V  [jvm.dll+0x60eeda]
V  [jvm.dll+0x603de5]
V  [jvm.dll+0x2f785c]
V  [jvm.dll+0x2f76e2]
V  [jvm.dll+0x2fc396]
V  [jvm.dll+0x33e1df]
V  [jvm.dll+0x33dc10]
V  [jvm.dll+0x2d5aa8]
V  [jvm.dll+0x2d6c06]
V  [jvm.dll+0x724927]
V  [jvm.dll+0x7261cf]
V  [jvm.dll+0x34af59]
V  [jvm.dll+0x70a4a0]
V  [jvm.dll+0x3b415f]
V  [jvm.dll+0x3b6201]
C  [jli.dll+0x520b]
C  [ucrtbase.dll+0x210b2]
C  [KERNEL32.DLL+0x17c24]
C  [ntdll.dll+0x6d4d1]


---------------  P R O C E S S  ---------------

Threads class SMR info:
_java_thread_list=0x0000015124724a40, length=0, elements={
}

Java Threads: ( => current thread )

Other Threads:
  0x0000015124926800 GCTaskThread "GC Thread#0" [stack: 0x0000000aa6400000,0x0000000aa6500000] [id=30616]
  0x00000151247fd800 ConcurrentGCThread "G1 Main Marker" [stack: 0x0000000aa6500000,0x0000000aa6600000] [id=14604]
  0x0000015124982000 ConcurrentGCThread "G1 Conc#0" [stack: 0x0000000aa6600000,0x0000000aa6700000] [id=3244]

[error occurred during error reporting (printing all threads), id 0xc0000005, EXCEPTION_ACCESS_VIOLATION (0xc0000005) at pc=0x00007ffa122342a7]

VM state:not at safepoint (not fully initialized)

VM Mutex/Monitor currently owned by a thread:  ([mutex/lock_event])
[0x000001512490c080] Heap_lock - owner thread: 0x0000015124910000

Heap address: 0x0000000702400000, size: 4060 MB, Compressed Oops mode: Non-zero based: 0x0000000702400000
Narrow klass base: 0x0000000000000000, Narrow klass shift: 0

GC Heap History (0 events):
No events

Deoptimization events (0 events):
No events

Classes redefined (0 events):
No events

Internal exceptions (0 events):
No events

Events (0 events):
No events


Dynamic libraries:
0x00007ff633ba0000 - 0x00007ff633baf000 	C:\Program Files\Java\jdk-11.0.9\bin\java.exe
0x00007ffa563a0000 - 0x00007ffa56590000 	C:\WINDOWS\SYSTEM32\ntdll.dll
0x00007ffa54ef0000 - 0x00007ffa54fa2000 	C:\WINDOWS\System32\KERNEL32.DLL
0x00007ffa53db0000 - 0x00007ffa54055000 	C:\WINDOWS\System32\KERNELBASE.dll
0x00007ffa53c60000 - 0x00007ffa53d5a000 	C:\WINDOWS\System32\ucrtbase.dll
0x00007ffa4e6f0000 - 0x00007ffa4e708000 	C:\Program Files\Java\jdk-11.0.9\bin\jli.dll
0x00007ffa4b6a0000 - 0x00007ffa4b6b5000 	C:\Program Files\Java\jdk-11.0.9\bin\VCRUNTIME140.dll
0x00007ffa55f70000 - 0x00007ffa56013000 	C:\WINDOWS\System32\ADVAPI32.dll
0x00007ffa54450000 - 0x00007ffa544ee000 	C:\WINDOWS\System32\msvcrt.dll
0x00007ffa54c20000 - 0x00007ffa54cb7000 	C:\WINDOWS\System32\sechost.dll
0x00007ffa544f0000 - 0x00007ffa54610000 	C:\WINDOWS\System32\RPCRT4.dll
0x00007ffa54cc0000 - 0x00007ffa54e54000 	C:\WINDOWS\System32\USER32.dll
0x00007ffa53d60000 - 0x00007ffa53d81000 	C:\WINDOWS\System32\win32u.dll
0x00007ffa37d10000 - 0x00007ffa37f94000 	C:\WINDOWS\WinSxS\amd64_microsoft.windows.common-controls_6595b64144ccf1df_6.0.18362.1198_none_9e820b57e45ad92f\COMCTL32.dll
0x00007ffa54fc0000 - 0x00007ffa54fe6000 	C:\WINDOWS\System32\GDI32.dll
0x00007ffa56020000 - 0x00007ffa56355000 	C:\WINDOWS\System32\combase.dll
0x00007ffa54110000 - 0x00007ffa542a6000 	C:\WINDOWS\System32\gdi32full.dll
0x00007ffa543b0000 - 0x00007ffa5444e000 	C:\WINDOWS\System32\msvcp_win.dll
0x00007ffa54090000 - 0x00007ffa54110000 	C:\WINDOWS\System32\bcryptPrimitives.dll
0x00007ffa4cbb0000 - 0x00007ffa4cbba000 	C:\WINDOWS\SYSTEM32\VERSION.dll
0x00007ffa54ec0000 - 0x00007ffa54eee000 	C:\WINDOWS\System32\IMM32.DLL
0x00007ffa3f9a0000 - 0x00007ffa3fa3b000 	C:\Program Files\Java\jdk-11.0.9\bin\msvcp140.dll
0x00007ffa11f50000 - 0x00007ffa12a47000 	C:\Program Files\Java\jdk-11.0.9\bin\server\jvm.dll
0x00007ffa54880000 - 0x00007ffa54888000 	C:\WINDOWS\System32\PSAPI.DLL
0x00007ffa380e0000 - 0x00007ffa380e9000 	C:\WINDOWS\SYSTEM32\WSOCK32.dll
0x00007ffa50e00000 - 0x00007ffa50e24000 	C:\WINDOWS\SYSTEM32\WINMM.dll
0x00007ffa55ee0000 - 0x00007ffa55f4f000 	C:\WINDOWS\System32\WS2_32.dll
0x00007ffa50cd0000 - 0x00007ffa50cfd000 	C:\WINDOWS\SYSTEM32\WINMMBASE.dll
0x00007ffa542b0000 - 0x00007ffa542fa000 	C:\WINDOWS\System32\cfgmgr32.dll
0x00007ffa532b0000 - 0x00007ffa532c1000 	C:\WINDOWS\System32\kernel.appcore.dll
0x00007ffa50ed0000 - 0x00007ffa50ee0000 	C:\Program Files\Java\jdk-11.0.9\bin\verify.dll
0x00007ffa51a20000 - 0x00007ffa51c14000 	C:\WINDOWS\SYSTEM32\DBGHELP.DLL
0x00007ffa4b010000 - 0x00007ffa4b03a000 	C:\WINDOWS\SYSTEM32\dbgcore.DLL
0x00007ffa47eb0000 - 0x00007ffa47ed8000 	C:\Program Files\Java\jdk-11.0.9\bin\java.dll
0x00007ffa4f830000 - 0x00007ffa4f83a000 	C:\Program Files\Java\jdk-11.0.9\bin\jimage.dll
0x00007ffa4ded0000 - 0x00007ffa4dede000 	C:\Program Files\Java\jdk-11.0.9\bin\instrument.dll
0x00007ffa421f0000 - 0x00007ffa42206000 	C:\Program Files\Java\jdk-11.0.9\bin\zip.dll

dbghelp: loaded successfully - version: 4.0.5 - missing functions: none
symbol engine: initialized successfully - sym options: 0x614 - pdb path: .;C:\Program Files\Java\jdk-11.0.9\bin;C:\WINDOWS\SYSTEM32;C:\WINDOWS\WinSxS\amd64_microsoft.windows.common-controls_6595b64144ccf1df_6.0.18362.1198_none_9e820b57e45ad92f;C:\Program Files\Java\jdk-11.0.9\bin\server

VM Arguments:
jvm_args: -Dmaven.multiModuleProjectDirectory=C:\WorkCode\eureka -Dmaven.home=C:\Program Files\JetBrains\IntelliJ IDEA 2020.2.3\plugins\maven\lib\maven3 -Dclassworlds.conf=C:\Program Files\JetBrains\IntelliJ IDEA 2020.2.3\plugins\maven\lib\maven3\bin\m2.conf -Dmaven.ext.class.path=C:\Program Files\JetBrains\IntelliJ IDEA 2020.2.3\plugins\maven\lib\maven-event-listener.jar -javaagent:C:\Program Files\JetBrains\IntelliJ IDEA 2020.2.3\lib\idea_rt.jar=59269:C:\Program Files\JetBrains\IntelliJ IDEA 2020.2.3\bin -Dfile.encoding=UTF-8 
java_command: org.codehaus.classworlds.Launcher -Didea.version=2020.2.3 -DskipTests=true dockerfile:build
java_class_path (initial): C:\Program Files\JetBrains\IntelliJ IDEA 2020.2.3\plugins\maven\lib\maven3\boot\plexus-classworlds-2.6.0.jar;C:\Program Files\JetBrains\IntelliJ IDEA 2020.2.3\plugins\maven\lib\maven3\boot\plexus-classworlds.license
Launcher Type: SUN_STANDARD

[Global flags]
     intx CICompilerCount                          = 4                                         {product} {ergonomic}
     uint ConcGCThreads                            = 3                                         {product} {ergonomic}
     uint G1ConcRefinementThreads                  = 10                                        {product} {ergonomic}
   size_t G1HeapRegionSize                         = 1048576                                   {product} {ergonomic}
    uintx GCDrainStackTargetSize                   = 64                                        {product} {ergonomic}
   size_t InitialHeapSize                          = 266338304                                 {product} {ergonomic}
   size_t MarkStackSize                            = 4194304                                   {product} {ergonomic}
   size_t MaxHeapSize                              = 4257218560                                {product} {ergonomic}
   size_t MinHeapDeltaBytes                        = 1048576                                   {product} {ergonomic}
    uintx NonNMethodCodeHeapSize                   = 5836300                                {pd product} {ergonomic}
    uintx NonProfiledCodeHeapSize                  = 122910970                              {pd product} {ergonomic}
    uintx ProfiledCodeHeapSize                     = 122910970                              {pd product} {ergonomic}
    uintx ReservedCodeCacheSize                    = 251658240                              {pd product} {ergonomic}
     bool SegmentedCodeCache                       = true                                      {product} {ergonomic}
     bool UseCompressedClassPointers               = true                                 {lp64_product} {ergonomic}
     bool UseCompressedOops                        = true                                 {lp64_product} {ergonomic}
     bool UseG1GC                                  = true                                      {product} {ergonomic}
     bool UseLargePagesIndividualAllocation        = false                                  {pd product} {ergonomic}

Logging:
Log output configuration:
 #0: stdout all=warning uptime,level,tags
 #1: stderr all=off uptime,level,tags

Environment Variables:
PATH=C:\Program Files\Common Files\Oracle\Java\javapath;C:\Program Files (x86)\Intel\Intel(R) Management Engine Components\iCLS\;C:\Program Files\Intel\Intel(R) Management Engine Components\iCLS\;C:\Windows\system32;C:\Windows;C:\Windows\System32\Wbem;C:\Windows\System32\WindowsPowerShell\v1.0\;C:\Windows\System32\OpenSSH\;C:\Program Files (x86)\NVIDIA Corporation\PhysX\Common;C:\Program Files (x86)\Intel\Intel(R) Management Engine Components\DAL;C:\Program Files\Intel\Intel(R) Management Engine Components\DAL;C:\Program Files (x86)\Intel\Intel(R) Management Engine Components\IPT;C:\Program Files\Intel\Intel(R) Management Engine Components\IPT;C:\WINDOWS\system32;C:\WINDOWS;C:\WINDOWS\System32\Wbem;C:\WINDOWS\System32\WindowsPowerShell\v1.0\;C:\WINDOWS\System32\OpenSSH\;C:\Program Files\Intel\WiFi\bin\;C:\Program Files\Common Files\Intel\WirelessCommon\;C:\Program Files\Git\cmd;C:\Program Files\nodejs\;C:\Program Files\dotnet\;C:\Program Files\Docker\Docker\resources\bin;C:\ProgramData\DockerDesktop\version-bin;C:\Users\ferranClosa\.windows-build-tools\python27\;C:\Program Files\MySQL\MySQL Shell 8.0\bin\;C:\Users\ferranClosa\AppData\Local\Microsoft\WindowsApps;C:\Users\ferranClosa\AppData\Roaming\npm;C:\Users\ferranClosa\AppData\Local\Programs\Microsoft VS Code\bin;C:\Program Files\JetBrains\WebStorm 2020.2\bin;;C:\Program Files\JetBrains\IntelliJ IDEA 2020.2.3\bin;
USERNAME=ferranClosa
OS=Windows_NT
PROCESSOR_IDENTIFIER=Intel64 Family 6 Model 158 Stepping 10, GenuineIntel



---------------  S Y S T E M  ---------------

OS: Windows 10 , 64 bit Build 18362 (10.0.18362.1110)
HyperV virtualization detected

CPU:total 12 (initial active 12) (6 cores per cpu, 2 threads per core) family 6 model 158 stepping 10, cmov, cx8, fxsr, mmx, sse, sse2, sse3, ssse3, sse4.1, sse4.2, popcnt, avx, avx2, aes, clmul, erms, 3dnowpref, lzcnt, ht, tsc, tscinvbit, bmi1, bmi2, adx, fma

Memory: 4k page, system-wide physical 16235M (2915M free)
TotalPageFile size 31363M (AvailPageFile size 91M)
current process WorkingSet (physical memory assigned to process): 10M, peak: 10M
current process commit charge ("private bytes"): 64M, peak: 318M

vm_info: Java HotSpot(TM) 64-Bit Server VM (11.0.9+7-LTS) for windows-amd64 JRE (11.0.9+7-LTS), built on Sep 15 2020 16:47:03 by "mach5one" with MS VC++ 15.9 (VS2017)

END.
